<?xml version="1.0" encoding="UTF-8"?>
<testng-results ignored="0" total="1" passed="1" failed="0" skipped="0">
  <reporter-output>
  </reporter-output>
  <suite started-at="2025-04-09T13:14:29 SAST" name="Default suite" finished-at="2025-04-09T13:15:54 SAST" duration-ms="84965">
    <groups>
    </groups>
    <test started-at="2025-04-09T13:14:29 SAST" name="Default test" finished-at="2025-04-09T13:15:54 SAST" duration-ms="84965">
      <class name="BrowserTest">
        <test-method is-config="true" signature="setupReport()[pri:0, instance:BrowserTest@5149d738]" started-at="2025-04-09T13:14:29 SAST" name="setupReport" finished-at="2025-04-09T13:14:30 SAST" duration-ms="522" status="PASS">
          <reporter-output>
          </reporter-output>
        </test-method> <!-- setupReport -->
        <test-method is-config="true" signature="setupDriver()[pri:0, instance:BrowserTest@5149d738]" started-at="2025-04-09T13:14:30 SAST" name="setupDriver" finished-at="2025-04-09T13:14:34 SAST" duration-ms="3785" status="PASS">
          <reporter-output>
          </reporter-output>
        </test-method> <!-- setupDriver -->
        <test-method signature="fullFlowTest()[pri:0, instance:BrowserTest@5149d738]" started-at="2025-04-09T13:14:34 SAST" name="fullFlowTest" finished-at="2025-04-09T13:15:53 SAST" duration-ms="79125" status="PASS">
          <reporter-output>
          </reporter-output>
        </test-method> <!-- fullFlowTest -->
        <test-method is-config="true" signature="tearDown()[pri:0, instance:BrowserTest@5149d738]" started-at="2025-04-09T13:15:53 SAST" name="tearDown" finished-at="2025-04-09T13:15:54 SAST" duration-ms="782" status="PASS">
          <reporter-output>
          </reporter-output>
        </test-method> <!-- tearDown -->
        <test-method is-config="true" signature="flushReport()[pri:0, instance:BrowserTest@5149d738]" started-at="2025-04-09T13:15:54 SAST" name="flushReport" finished-at="2025-04-09T13:15:54 SAST" duration-ms="682" status="PASS">
          <reporter-output>
          </reporter-output>
        </test-method> <!-- flushReport -->
      </class> <!-- BrowserTest -->
    </test> <!-- Default test -->
  </suite> <!-- Default suite -->
</testng-results>
