<?xml version="1.0" encoding="UTF-8"?>
<testng-results ignored="0" total="1" passed="1" failed="0" skipped="0">
  <reporter-output>
  </reporter-output>
  <suite started-at="2025-04-09T07:33:30 SAST" name="Default suite" finished-at="2025-04-09T07:33:48 SAST" duration-ms="17281">
    <groups>
    </groups>
    <test started-at="2025-04-09T07:33:30 SAST" name="Default test" finished-at="2025-04-09T07:33:48 SAST" duration-ms="17281">
      <class name="BrowserTest">
        <test-method is-config="true" signature="setUpReport()[pri:0, instance:BrowserTest@5149d738]" started-at="2025-04-09T07:33:30 SAST" name="setUpReport" finished-at="2025-04-09T07:33:31 SAST" duration-ms="574" status="PASS">
          <reporter-output>
          </reporter-output>
        </test-method> <!-- setUpReport -->
        <test-method is-config="true" signature="setUp()[pri:0, instance:BrowserTest@5149d738]" started-at="2025-04-09T07:33:31 SAST" name="setUp" finished-at="2025-04-09T07:33:38 SAST" duration-ms="6713" status="PASS">
          <reporter-output>
          </reporter-output>
        </test-method> <!-- setUp -->
        <test-method signature="myTest()[pri:0, instance:BrowserTest@5149d738]" started-at="2025-04-09T07:33:38 SAST" name="myTest" finished-at="2025-04-09T07:33:46 SAST" duration-ms="8845" status="PASS">
          <reporter-output>
          </reporter-output>
        </test-method> <!-- myTest -->
        <test-method is-config="true" signature="tearDown()[pri:0, instance:BrowserTest@5149d738]" started-at="2025-04-09T07:33:46 SAST" name="tearDown" finished-at="2025-04-09T07:33:47 SAST" duration-ms="495" status="PASS">
          <reporter-output>
          </reporter-output>
        </test-method> <!-- tearDown -->
        <test-method is-config="true" signature="flushReport()[pri:0, instance:BrowserTest@5149d738]" started-at="2025-04-09T07:33:47 SAST" name="flushReport" finished-at="2025-04-09T07:33:48 SAST" duration-ms="576" status="PASS">
          <reporter-output>
          </reporter-output>
        </test-method> <!-- flushReport -->
      </class> <!-- BrowserTest -->
    </test> <!-- Default test -->
  </suite> <!-- Default suite -->
</testng-results>
